<?xml version="1.0" encoding="UTF-8"?>
<!-- Generated by org.testng.reporters.JUnitReportReporter -->
<testsuite hostname="MUTHULAPTOP" failures="0" tests="2" name="com.capgemini.test.Tst_001_SearchBus" time="27.309" errors="0" timestamp="2025-06-12T16:05:56 IST" skipped="0">
  <testcase classname="com.capgemini.test.Tst_001_SearchBus" name="LoginToApp" time="11.217">
    <system-out>
      <![CDATA[Clicked on Login/Sign up link
Entered user login ID: muthuviswanath@outlook.com
Entered password
Entered captcha: 1Gx07u
Clicked on login button]]>
    </system-out>
  </testcase> <!-- LoginToApp -->
  <testcase classname="com.capgemini.test.Tst_001_SearchBus" name="SearchBus" time="16.092">
    <system-out>
      <![CDATA[Logged in user name validated: 
Entered start place: CHENNAI
Selected start place from suggestions: CHENNAI
Entered end place: BANGALORE
Selected end place from suggestions: BANGALORE
Selected date: 20
Clicked on search button
Search result page displayed successfully]]>
    </system-out>
  </testcase> <!-- SearchBus -->
  <system-out>
    <![CDATA[Clicked on Login/Sign up link
Entered user login ID: muthuviswanath@outlook.com
Entered start place: CHENNAI
Entered password
Entered captcha: 1Gx07u
Selected start place from suggestions: CHENNAI
Clicked on login button
Entered end place: BANGALORE
Selected end place from suggestions: BANGALORE
Logged in user name validated: 
Selected date: 20
Entered start place: CHENNAI
Selected start place from suggestions: CHENNAI
Entered end place: BANGALORE
Selected end place from suggestions: BANGALORE
Clicked on search button
Search result page displayed successfully
Selected date: 20
Clicked on AC Sleeper filter
Clicked on search button
Clicked on View Seats button
Search result page displayed successfully
Browser closed successfully
Test completed successfully
Entered mobile number
Entered email]]>
  </system-out>
</testsuite> <!-- com.capgemini.test.Tst_001_SearchBus -->
