<?xml version="1.0" encoding="UTF-8"?>
<!-- Generated by org.testng.reporters.JUnitReportReporter -->
<testsuite hostname="MUTHULAPTOP" failures="0" tests="2" name="com.capgemini.test.Tst_001_SearchBus" time="18.262" errors="0" timestamp="2025-06-11T17:30:46 IST" skipped="0">
  <testcase classname="com.capgemini.test.Tst_001_SearchBus" name="LoginToApp" time="7.659">
    <system-out>
      <![CDATA[Clicked on Login/Sign up link
Entered user login ID: muthuviswanath@outlook.com
Entered password
Entered captcha: 6WOCPQ
Clicked on login button]]>
    </system-out>
  </testcase> <!-- LoginToApp -->
  <testcase classname="com.capgemini.test.Tst_001_SearchBus" name="SearchBus" time="10.603">
    <system-out>
      <![CDATA[Logged in user name validated: 
Entered start place: CHENNAI
Selected start place from suggestions: CHENNAI
Entered end place: BANGALORE
Selected end place from suggestions: BANGALORE
Selected date: 20
Clicked on search button
Search result page displayed successfully]]>
    </system-out>
  </testcase> <!-- SearchBus -->
  <system-out>
    <![CDATA[Clicked on Login/Sign up link
Entered user login ID: muthuviswanath@outlook.com
Entered password
Entered captcha: 6WOCPQ
Clicked on login button
Logged in user name validated: 
Entered start place: CHENNAI
Selected start place from suggestions: CHENNAI
Entered end place: BANGALORE
Selected end place from suggestions: BANGALORE
Selected date: 20
Clicked on search button
Search result page displayed successfully
Browser closed successfully
Test completed successfully]]>
  </system-out>
</testsuite> <!-- com.capgemini.test.Tst_001_SearchBus -->
