<?xml version="1.0" encoding="UTF-8"?>
<!-- Generated by org.testng.reporters.JUnitReportReporter -->
<testsuite hostname="MUTHULAPTOP" failures="0" tests="1" name="tests.LinkedInProfileTest" time="1.742" errors="0" timestamp="2025-06-16T14:13:56 IST" skipped="0">
  <testcase classname="tests.LinkedInProfileTest" name="testdemo" time="1.742"/>
</testsuite> <!-- tests.LinkedInProfileTest -->
