<?xml version="1.0" encoding="UTF-8"?>
<!-- Generated by org.testng.reporters.JUnitReportReporter -->
<testsuite hostname="MUTHULAPTOP" failures="0" tests="1" name="com.demo.testngdemo.tests.TestNgAnnotations" time="11.534" errors="0" timestamp="2025-06-09T17:42:33 IST" skipped="0">
  <testcase classname="com.demo.testngdemo.tests.TestNgAnnotations" name="testChooseTrain" time="11.534">
    <system-out>
      <![CDATA[Train search executed successfully.]]>
    </system-out>
  </testcase> <!-- testChooseTrain -->
  <system-out>
    <![CDATA[Setting up system properties for the suite.
Choosing the QA Server for testing.
Setting up test-specific configurations.
Setting up the test environment.
Train search executed successfully.
Browser closed successfully.]]>
  </system-out>
</testsuite> <!-- com.demo.testngdemo.tests.TestNgAnnotations -->
