<?xml version="1.0" encoding="UTF-8"?>
<!-- Generated by org.testng.reporters.JUnitReportReporter -->
<testsuite hostname="MUTHULAPTOP" failures="0" tests="2" name="com.demo.testngdemo.tests.TSNSTSearchBus" time="20.223" errors="0" timestamp="2025-06-10T15:02:38 IST" skipped="0">
  <testcase classname="com.demo.testngdemo.tests.TSNSTSearchBus" name="searchBus" time="18.188"/>
  <testcase classname="com.demo.testngdemo.tests.TSNSTSearchBus" name="login" time="2.035"/>
</testsuite> <!-- com.demo.testngdemo.tests.TSNSTSearchBus -->
