<?xml version="1.0" encoding="UTF-8"?>
<!-- Generated by org.testng.reporters.JUnitReportReporter -->
<testsuite hostname="MUTHULAPTOP" failures="0" tests="1" name="tests.TestFreeCrm" time="11.465" errors="0" timestamp="2025-06-16T09:26:39 IST" skipped="0">
  <testcase classname="tests.TestFreeCrm" name="testLoginAndNavigateToCompanies" time="11.465"/>
</testsuite> <!-- tests.TestFreeCrm -->
