<?xml version="1.0" encoding="UTF-8"?>
<!-- Generated by org.testng.reporters.JUnitReportReporter -->
<testsuite hostname="MUTHULAPTOP" failures="0" tests="1" name="org.capg.sprint.tests.TST_001_PaintingCleaning" time="5.888" errors="0" timestamp="2025-06-10T12:41:39 IST" skipped="0">
  <testcase classname="org.capg.sprint.tests.TST_001_PaintingCleaning" name="testPaintingAndCleaning" time="5.888"/>
</testsuite> <!-- org.capg.sprint.tests.TST_001_PaintingCleaning -->
